Arguments: 
  C:\Program Files\nodejs\node.exe C:\Program Files (x86)\Yarn\bin\yarn.js add request

PATH: 
  C:\Users\Олексей\Desktop\NodeJS\node_modules\.bin;C:\oraclexe\app\oracle\product\11.2.0\server\bin;;C:\Windows\system32;C:\Windows;C:\Windows\System32\Wbem;C:\Windows\System32\WindowsPowerShell\v1.0\;C:\Program Files (x86)\NVIDIA Corporation\PhysX\Common;C:\WINDOWS\system32;C:\WINDOWS;C:\WINDOWS\System32\Wbem;C:\WINDOWS\System32\WindowsPowerShell\v1.0\;C:\WINDOWS\System32\OpenSSH\;C:\Program Files (x86)\Yarn\bin\;C:\Program Files\Git\cmd;C:\Program Files\NVIDIA Corporation\NVIDIA NvDLISR;C:\Program Files\nodejs\;C:\Users\Олексей\AppData\Local\Microsoft\WindowsApps;C:\Users\Олексей\AppData\Local\Yarn\bin;C:\Users\Олексей\AppData\Local\GitHubDesktop\bin;C:\Users\Олексей\AppData\Roaming\npm;C:\Users\Олексей\AppData\Local\atom\bin

Yarn version: 
  1.9.4

Node version: 
  10.15.1

Platform: 
  win32 x64

Trace: 
  Error: unable to verify the first certificate
      at TLSSocket.onConnectSecure (_tls_wrap.js:1051:34)
      at TLSSocket.emit (events.js:189:13)
      at TLSSocket._finishInit (_tls_wrap.js:633:8)

npm manifest: 
  {
    "dependencies": {
      "hbs": "^4.0.4"
    }
  }

yarn manifest: 
  No manifest

Lockfile: 
  # THIS IS AN AUTOGENERATED FILE. DO NOT EDIT THIS FILE DIRECTLY.
  # yarn lockfile v1
  
  
  async@^2.5.0:
    version "2.6.2"
    resolved "https://registry.yarnpkg.com/async/-/async-2.6.2.tgz#18330ea7e6e313887f5d2f2a904bac6fe4dd5381"
    dependencies:
      lodash "^4.17.11"
  
  commander@~2.20.0:
    version "2.20.0"
    resolved "https://registry.yarnpkg.com/commander/-/commander-2.20.0.tgz#d58bb2b5c1ee8f87b0d340027e9e94e222c5a422"
  
  foreachasync@^3.0.0:
    version "3.0.0"
    resolved "https://registry.yarnpkg.com/foreachasync/-/foreachasync-3.0.0.tgz#5502987dc8714be3392097f32e0071c9dee07cf6"
  
  handlebars@4.0.14:
    version "4.0.14"
    resolved "https://registry.yarnpkg.com/handlebars/-/handlebars-4.0.14.tgz#88de711eb693a5b783ae06065f9b91b0dd373a71"
    dependencies:
      async "^2.5.0"
      optimist "^0.6.1"
      source-map "^0.6.1"
    optionalDependencies:
      uglify-js "^3.1.4"
  
  hbs@^4.0.4:
    version "4.0.4"
    resolved "https://registry.yarnpkg.com/hbs/-/hbs-4.0.4.tgz#6139e8dcdec83d6352da3303337457823bca2c45"
    dependencies:
      handlebars "4.0.14"
      walk "2.3.9"
  
  lodash@^4.17.11:
    version "4.17.11"
    resolved "https://registry.yarnpkg.com/lodash/-/lodash-4.17.11.tgz#b39ea6229ef607ecd89e2c8df12536891cac9b8d"
  
  minimist@~0.0.1:
    version "0.0.10"
    resolved "https://registry.yarnpkg.com/minimist/-/minimist-0.0.10.tgz#de3f98543dbf96082be48ad1a0c7cda836301dcf"
  
  optimist@^0.6.1:
    version "0.6.1"
    resolved "https://registry.yarnpkg.com/optimist/-/optimist-0.6.1.tgz#da3ea74686fa21a19a111c326e90eb15a0196686"
    dependencies:
      minimist "~0.0.1"
      wordwrap "~0.0.2"
  
  source-map@^0.6.1, source-map@~0.6.1:
    version "0.6.1"
    resolved "https://registry.yarnpkg.com/source-map/-/source-map-0.6.1.tgz#74722af32e9614e9c287a8d0bbde48b5e2f1a263"
  
  uglify-js@^3.1.4:
    version "3.5.9"
    resolved "https://registry.yarnpkg.com/uglify-js/-/uglify-js-3.5.9.tgz#372fbf95939555b1f460b1777d33a67d4a994ac9"
    dependencies:
      commander "~2.20.0"
      source-map "~0.6.1"
  
  walk@2.3.9:
    version "2.3.9"
    resolved "https://registry.yarnpkg.com/walk/-/walk-2.3.9.tgz#31b4db6678f2ae01c39ea9fb8725a9031e558a7b"
    dependencies:
      foreachasync "^3.0.0"
  
  wordwrap@~0.0.2:
    version "0.0.3"
    resolved "https://registry.yarnpkg.com/wordwrap/-/wordwrap-0.0.3.tgz#a3d5da6cd5c0bc0008d37234bbaf1bed63059107"
